<?xml version="1.0" encoding="UTF-8"?>
<!-- Generated by org.testng.reporters.JUnitReportReporter -->
<testsuite hostname="DESKTOP-2HJ2AOH" failures="0" tests="13" name="ru.mai.lessons.rpks.impl.MoneyExchangeTest" time="0.151" errors="0" timestamp="2024-11-24T17:17:45 MSK" skipped="0">
  <testcase classname="ru.mai.lessons.rpks.impl.MoneyExchangeTest" name="testNegativeExchange" time="0.012"/>
  <testcase classname="ru.mai.lessons.rpks.impl.MoneyExchangeTest" name="testNegativeExchange" time="0.012"/>
  <testcase classname="ru.mai.lessons.rpks.impl.MoneyExchangeTest" name="testPositiveExchange" time="0.010"/>
  <testcase classname="ru.mai.lessons.rpks.impl.MoneyExchangeTest" name="testPositiveExchange" time="0.001"/>
  <testcase classname="ru.mai.lessons.rpks.impl.MoneyExchangeTest" name="testPositiveExchange" time="0.018"/>
  <testcase classname="ru.mai.lessons.rpks.impl.MoneyExchangeTest" name="testPositiveExchange" time="0.003"/>
  <testcase classname="ru.mai.lessons.rpks.impl.MoneyExchangeTest" name="testPositiveExchange" time="0.023"/>
  <testcase classname="ru.mai.lessons.rpks.impl.MoneyExchangeTest" name="testPositiveExchange" time="0.002"/>
  <testcase classname="ru.mai.lessons.rpks.impl.MoneyExchangeTest" name="testPositiveExchange" time="0.020"/>
  <testcase classname="ru.mai.lessons.rpks.impl.MoneyExchangeTest" name="testPositiveExchange" time="0.018"/>
  <testcase classname="ru.mai.lessons.rpks.impl.MoneyExchangeTest" name="testNegativeExchange" time="0.012"/>
  <testcase classname="ru.mai.lessons.rpks.impl.MoneyExchangeTest" name="testNegativeExchange" time="0.012"/>
  <testcase classname="ru.mai.lessons.rpks.impl.MoneyExchangeTest" name="testPositiveExchange" time="0.008"/>
</testsuite> <!-- ru.mai.lessons.rpks.impl.MoneyExchangeTest -->
