<?xml version="1.0" encoding="UTF-8"?>
<testsuite xmlns:xsi="http://www.w3.org/2001/XMLSchema-instance" xsi:noNamespaceSchemaLocation="https://maven.apache.org/surefire/maven-surefire-plugin/xsd/surefire-test-report-3.0.xsd" version="3.0" name="TestSuite" time="0.813" tests="17" errors="0" skipped="0" failures="0">
  <properties>
    <property name="java.specification.version" value="21"/>
    <property name="sun.cpu.isalist" value="amd64"/>
    <property name="sun.jnu.encoding" value="Cp1251"/>
    <property name="java.class.path" value="C:\Users\fedor\IdeaProjects\labs_3_1_course\JavaServiceBrackets\target\test-classes;C:\Users\fedor\IdeaProjects\labs_3_1_course\JavaServiceBrackets\target\classes;C:\Users\fedor\.m2\repository\com\jayway\jsonpath\json-path\2.8.0\json-path-2.8.0.jar;C:\Users\fedor\.m2\repository\net\minidev\json-smart\2.4.10\json-smart-2.4.10.jar;C:\Users\fedor\.m2\repository\net\minidev\accessors-smart\2.4.9\accessors-smart-2.4.9.jar;C:\Users\fedor\.m2\repository\org\ow2\asm\asm\9.3\asm-9.3.jar;C:\Users\fedor\.m2\repository\org\slf4j\slf4j-api\1.7.36\slf4j-api-1.7.36.jar;C:\Users\fedor\.m2\repository\ch\qos\logback\logback-classic\1.4.11\logback-classic-1.4.11.jar;C:\Users\fedor\.m2\repository\ch\qos\logback\logback-core\1.4.11\logback-core-1.4.11.jar;C:\Users\fedor\.m2\repository\org\projectlombok\lombok\1.18.30\lombok-1.18.30.jar;C:\Users\fedor\.m2\repository\org\testng\testng\7.8.0\testng-7.8.0.jar;C:\Users\fedor\.m2\repository\com\beust\jcommander\1.82\jcommander-1.82.jar;C:\Users\fedor\.m2\repository\org\webjars\jquery\3.6.1\jquery-3.6.1.jar;"/>
    <property name="java.vm.vendor" value="Oracle Corporation"/>
    <property name="sun.arch.data.model" value="64"/>
    <property name="user.variant" value=""/>
    <property name="java.vendor.url" value="https://java.oracle.com/"/>
    <property name="user.timezone" value="Europe/Moscow"/>
    <property name="os.name" value="Windows 10"/>
    <property name="java.vm.specification.version" value="21"/>
    <property name="sun.java.launcher" value="SUN_STANDARD"/>
    <property name="user.country" value="RU"/>
    <property name="sun.boot.library.path" value="C:\Program Files\Java\jdk-21\bin"/>
    <property name="sun.java.command" value="C:\Users\fedor\AppData\Local\Temp\surefire2221602404412467842\surefirebooter-20241120190354283_3.jar C:\Users\fedor\AppData\Local\Temp\surefire2221602404412467842 2024-11-20T19-03-54_110-jvmRun1 surefire-20241120190354283_1tmp surefire_0-20241120190354283_2tmp"/>
    <property name="jdk.debug" value="release"/>
    <property name="surefire.test.class.path" value="C:\Users\fedor\IdeaProjects\labs_3_1_course\JavaServiceBrackets\target\test-classes;C:\Users\fedor\IdeaProjects\labs_3_1_course\JavaServiceBrackets\target\classes;C:\Users\fedor\.m2\repository\com\jayway\jsonpath\json-path\2.8.0\json-path-2.8.0.jar;C:\Users\fedor\.m2\repository\net\minidev\json-smart\2.4.10\json-smart-2.4.10.jar;C:\Users\fedor\.m2\repository\net\minidev\accessors-smart\2.4.9\accessors-smart-2.4.9.jar;C:\Users\fedor\.m2\repository\org\ow2\asm\asm\9.3\asm-9.3.jar;C:\Users\fedor\.m2\repository\org\slf4j\slf4j-api\1.7.36\slf4j-api-1.7.36.jar;C:\Users\fedor\.m2\repository\ch\qos\logback\logback-classic\1.4.11\logback-classic-1.4.11.jar;C:\Users\fedor\.m2\repository\ch\qos\logback\logback-core\1.4.11\logback-core-1.4.11.jar;C:\Users\fedor\.m2\repository\org\projectlombok\lombok\1.18.30\lombok-1.18.30.jar;C:\Users\fedor\.m2\repository\org\testng\testng\7.8.0\testng-7.8.0.jar;C:\Users\fedor\.m2\repository\com\beust\jcommander\1.82\jcommander-1.82.jar;C:\Users\fedor\.m2\repository\org\webjars\jquery\3.6.1\jquery-3.6.1.jar;"/>
    <property name="sun.cpu.endian" value="little"/>
    <property name="user.home" value="C:\Users\fedor"/>
    <property name="user.language" value="ru"/>
    <property name="java.specification.vendor" value="Oracle Corporation"/>
    <property name="java.version.date" value="2024-10-15"/>
    <property name="java.home" value="C:\Program Files\Java\jdk-21"/>
    <property name="file.separator" value="\"/>
    <property name="basedir" value="C:\Users\fedor\IdeaProjects\labs_3_1_course\JavaServiceBrackets"/>
    <property name="java.vm.compressedOopsMode" value="Zero based"/>
    <property name="line.separator" value="&#10;"/>
    <property name="java.vm.specification.vendor" value="Oracle Corporation"/>
    <property name="java.specification.name" value="Java Platform API Specification"/>
    <property name="surefire.real.class.path" value="C:\Users\fedor\AppData\Local\Temp\surefire2221602404412467842\surefirebooter-20241120190354283_3.jar"/>
    <property name="user.script" value=""/>
    <property name="sun.management.compiler" value="HotSpot 64-Bit Tiered Compilers"/>
    <property name="java.runtime.version" value="21.0.5+9-LTS-239"/>
    <property name="user.name" value="fedor"/>
    <property name="stdout.encoding" value="Cp1251"/>
    <property name="path.separator" value=";"/>
    <property name="os.version" value="10.0"/>
    <property name="java.runtime.name" value="Java(TM) SE Runtime Environment"/>
    <property name="file.encoding" value="UTF-8"/>
    <property name="java.vm.name" value="Java HotSpot(TM) 64-Bit Server VM"/>
    <property name="localRepository" value="C:\Users\fedor\.m2\repository"/>
    <property name="java.vendor.url.bug" value="https://bugreport.java.com/bugreport/"/>
    <property name="java.io.tmpdir" value="C:\Users\fedor\AppData\Local\Temp\"/>
    <property name="java.version" value="21.0.5"/>
    <property name="user.dir" value="C:\Users\fedor\IdeaProjects\labs_3_1_course\JavaServiceBrackets"/>
    <property name="os.arch" value="amd64"/>
    <property name="java.vm.specification.name" value="Java Virtual Machine Specification"/>
    <property name="sun.os.patch.level" value=""/>
    <property name="native.encoding" value="Cp1251"/>
    <property name="java.library.path" value="C:\Program Files\Java\jdk-21\bin;C:\Windows\Sun\Java\bin;C:\Windows\system32;C:\Windows;C:\Windows\system32;C:\Windows;C:\Windows\System32\Wbem;C:\Windows\System32\WindowsPowerShell\v1.0\;C:\Windows\System32\OpenSSH\;C:\Program Files\Git\cmd;C:\Program Files\TortoiseGit\bin;C:\Program Files (x86)\Windows Kits\10\Windows Performance Toolkit\;C:\Program Files\Go\bin;C:\Program Files\Docker\Docker\resources\bin;C:\Program Files\Qt6.7.0\Qt\6.7.0\mingw_64\bin;C:\Program Files\Apache\Maven\apache-maven-3.9.9\bin;C:\Program Files\Java\jdk-21\bin;C:\Users\fedor\AppData\Local\Microsoft\WindowsApps;;C:\Users\fedor\AppData\Local\Programs\Microsoft VS Code\bin;C:\Program Files\JetBrains\GoLand 2024.1.4\bin;;C:\Users\fedor\go\bin;C:\Program Files\JetBrains\IntelliJ IDEA 2024.2.3\bin;;."/>
    <property name="java.vm.info" value="mixed mode, sharing"/>
    <property name="stderr.encoding" value="Cp1251"/>
    <property name="java.vendor" value="Oracle Corporation"/>
    <property name="java.vm.version" value="21.0.5+9-LTS-239"/>
    <property name="sun.io.unicode.encoding" value="UnicodeLittle"/>
    <property name="java.class.version" value="65.0"/>
  </properties>
  <testcase name="testNegativeCheckAllBracketsRules[[[some(one{1!|value|2?}jar))none]], [ErrorLocationPoint{lineNumber=1, symbolNumber=27}]](2)" classname="ru.mai.lessons.rpks.impl.BracketsDetectorTest" time="0.078">
    <system-err><![CDATA[SLF4J: Failed to load class "org.slf4j.impl.StaticLoggerBinder".
SLF4J: Defaulting to no-operation (NOP) logger implementation
SLF4J: See http://www.slf4j.org/codes.html#StaticLoggerBinder for further details.
]]></system-err>
  </testcase>
  <testcase name="testNegativeCheckAllBracketsRules[[[some(one{1!|value|2?}jar))none], |abc(d)[e]f{g}, abc(d)[e]f{g}|, |abc(d[e]f{g}|, |abcd)[e]f{g}|, |abc(d)[e]f{g}|, |abc(d)e]f{g}|, |abc(d)[ef{g}|, |abc(d)[e]fg}|, |abc(d)[e]f{g|], [ErrorLocationPoint{lineNumber=1, symbolNumber=27}, ErrorLocationPoint{lineNumber=2, symbolNumber=1}, ErrorLocationPoint{lineNumber=3, symbolNumber=14}, ErrorLocationPoint{lineNumber=4, symbolNumber=5}, ErrorLocationPoint{lineNumber=5, symbolNumber=6}, ErrorLocationPoint{lineNumber=7, symbolNumber=9}, ErrorLocationPoint{lineNumber=8, symbolNumber=8}, ErrorLocationPoint{lineNumber=9, symbolNumber=13}, ErrorLocationPoint{lineNumber=10, symbolNumber=12}]](2)" classname="ru.mai.lessons.rpks.impl.BracketsDetectorTest" time="0.08"/>
  <testcase name="testNegativeCheckMagicBracketsRules" classname="ru.mai.lessons.rpks.impl.BracketsDetectorTest" time="0.001"/>
  <testcase name="testPositiveCheckAllBracketsRules" classname="ru.mai.lessons.rpks.impl.BracketsDetectorTest" time="0.002"/>
  <testcase name="testPositiveCheckMagicBracketsRules" classname="ru.mai.lessons.rpks.impl.BracketsDetectorTest" time="0.001"/>
  <testcase name="testPositiveCheckSomeBracketsRules[{&#10;  &quot;bracket&quot;: [&#10;    {&#10;      &quot;left&quot;: &quot;[&quot;,&#10;      &quot;right&quot;: &quot;]&quot;&#10;    },&#10;    {&#10;      &quot;left&quot;: &quot;{&quot;,&#10;      &quot;right&quot;: &quot;}&quot;&#10;    },&#10;    {&#10;      &quot;left&quot;: &quot;|&quot;,&#10;      &quot;right&quot;: &quot;|&quot;&#10;    }&#10;  ]&#10;}&#10;, [[some(one{1!|value|2?}jar))none]]](1)" classname="ru.mai.lessons.rpks.impl.BracketsDetectorTest" time="0.005"/>
  <testcase name="testPositiveCheckSomeBracketsRules[{&#10;  &quot;bracket&quot;: [&#10;    {&#10;      &quot;left&quot;: &quot;|&quot;,&#10;      &quot;right&quot;: &quot;|&quot;&#10;    }&#10;  ]&#10;}&#10;, [[some(exe{1!|value|2?}jar)none], {| [[ (( |{ }| )) ]] |}, , |[})|, a|b-b|c, ab-b]c, a(b-bc, ||)(}{][, {&#10;  &quot;bracket&quot;: [&#10;    {&#10;      &quot;left&quot;: &quot;[&quot;,&#10;      &quot;right&quot;: &quot;]&quot;&#10;    },&#10;    {&#10;      &quot;left&quot;: &quot;{&quot;,&#10;      &quot;right&quot;: &quot;}&quot;&#10;    },&#10;    {&#10;      &quot;left&quot;: &quot;(&quot;,&#10;      &quot;right&quot;: &quot;)&quot;&#10;    },&#10;    {&#10;      &quot;left&quot;: &quot;|&quot;,&#10;      &quot;right&quot;: &quot;|&quot;&#10;    }&#10;  ]&#10;}&#10;]](5)" classname="ru.mai.lessons.rpks.impl.BracketsDetectorTest" time="0.006"/>
  <testcase name="testPositiveCheckSomeBracketsRules[{&#10;  &quot;bracket&quot;: [&#10;    {&#10;      &quot;left&quot;: &quot;(&quot;,&#10;      &quot;right&quot;: &quot;)&quot;&#10;    }&#10;  ]&#10;}&#10;, [[some(exe{1!|value|2?}jar)none], {| [[ (( |{ }| )) ]] |}, , ([|}), a(b-b)c, ab-b]c, a{b-bc, ()}{|][, {&#10;  &quot;bracket&quot;: [&#10;    {&#10;      &quot;left&quot;: &quot;[&quot;,&#10;      &quot;right&quot;: &quot;]&quot;&#10;    },&#10;    {&#10;      &quot;left&quot;: &quot;{&quot;,&#10;      &quot;right&quot;: &quot;}&quot;&#10;    },&#10;    {&#10;      &quot;left&quot;: &quot;(&quot;,&#10;      &quot;right&quot;: &quot;)&quot;&#10;    },&#10;    {&#10;      &quot;left&quot;: &quot;|&quot;,&#10;      &quot;right&quot;: &quot;|&quot;&#10;    }&#10;  ]&#10;}&#10;]](5)" classname="ru.mai.lessons.rpks.impl.BracketsDetectorTest" time="0.006"/>
  <testcase name="testPositiveCheckSomeBracketsRules[{&#10;  &quot;bracket&quot;: [&#10;    {&#10;      &quot;left&quot;: &quot;{&quot;,&#10;      &quot;right&quot;: &quot;}&quot;&#10;    }&#10;  ]&#10;}&#10;, [[some(exe{1!|value|2?}jar)none], {| [[ (( |{ }| )) ]] |}, , {[|)}, a{b-b}c, ab-b]c, a(b-bc, {})(|][, {&#10;  &quot;bracket&quot;: [&#10;    {&#10;      &quot;left&quot;: &quot;[&quot;,&#10;      &quot;right&quot;: &quot;]&quot;&#10;    },&#10;    {&#10;      &quot;left&quot;: &quot;{&quot;,&#10;      &quot;right&quot;: &quot;}&quot;&#10;    },&#10;    {&#10;      &quot;left&quot;: &quot;(&quot;,&#10;      &quot;right&quot;: &quot;)&quot;&#10;    },&#10;    {&#10;      &quot;left&quot;: &quot;|&quot;,&#10;      &quot;right&quot;: &quot;|&quot;&#10;    }&#10;  ]&#10;}&#10;]](5)" classname="ru.mai.lessons.rpks.impl.BracketsDetectorTest" time="0.006"/>
  <testcase name="testPositiveCheckSomeBracketsRules[{&#10;  &quot;bracket&quot;: [&#10;    {&#10;      &quot;left&quot;: &quot;[&quot;,&#10;      &quot;right&quot;: &quot;]&quot;&#10;    }&#10;  ]&#10;}&#10;, [[some(exe{1!|value|2?}jar)none], {| [[ (( |{ }| )) ]] |}, , [(|}], a[b-b]c, ab-b)c, a{b-bc, []}{|)(, {&#10;  &quot;bracket&quot;: [&#10;    {&#10;      &quot;left&quot;: &quot;[&quot;,&#10;      &quot;right&quot;: &quot;]&quot;&#10;    },&#10;    {&#10;      &quot;left&quot;: &quot;{&quot;,&#10;      &quot;right&quot;: &quot;}&quot;&#10;    },&#10;    {&#10;      &quot;left&quot;: &quot;(&quot;,&#10;      &quot;right&quot;: &quot;)&quot;&#10;    },&#10;    {&#10;      &quot;left&quot;: &quot;|&quot;,&#10;      &quot;right&quot;: &quot;|&quot;&#10;    }&#10;  ]&#10;}&#10;]](5)" classname="ru.mai.lessons.rpks.impl.BracketsDetectorTest" time="0.006"/>
  <testcase name="testNegativeLoadConfig[](2)" classname="ru.mai.lessons.rpks.impl.ConfigReaderTest" time="0.004"/>
  <testcase name="testNegativeLoadConfig[null](2)" classname="ru.mai.lessons.rpks.impl.ConfigReaderTest" time="0.004"/>
  <testcase name="testPositiveLoadConfig" classname="ru.mai.lessons.rpks.impl.ConfigReaderTest" time="0.007"/>
  <testcase name="testNegativeLoadConfig[null](2)" classname="ru.mai.lessons.rpks.impl.FileReaderTest" time="0.003"/>
  <testcase name="testNegativeLoadConfig[](2)" classname="ru.mai.lessons.rpks.impl.FileReaderTest" time="0.003"/>
  <testcase name="testPositiveLoadContent[C:\Users\fedor\IdeaProjects\labs_3_1_course\JavaServiceBrackets\target\test-classes\single_line.txt, [Hello World!]](2)" classname="ru.mai.lessons.rpks.impl.FileReaderTest" time="0.005"/>
  <testcase name="testPositiveLoadContent[C:\Users\fedor\IdeaProjects\labs_3_1_course\JavaServiceBrackets\target\test-classes\multiple_lines.txt, [Hello, World!]](2)" classname="ru.mai.lessons.rpks.impl.FileReaderTest" time="0.005"/>
</testsuite>