<?xml version="1.0" encoding="UTF-8"?>
<!-- Generated by org.testng.reporters.JUnitReportReporter -->
<testsuite hostname="DESKTOP-2HJ2AOH" failures="0" tests="10" name="ru.mai.lessons.rpks.impl.BracketsDetectorTest" time="0.209" errors="0" timestamp="2024-11-20T19:03:55 MSK" skipped="0">
  <testcase classname="ru.mai.lessons.rpks.impl.BracketsDetectorTest" name="testNegativeCheckAllBracketsRules" time="0.090"/>
  <testcase classname="ru.mai.lessons.rpks.impl.BracketsDetectorTest" name="testPositiveCheckSomeBracketsRules" time="0.003"/>
  <testcase classname="ru.mai.lessons.rpks.impl.BracketsDetectorTest" name="testPositiveCheckSomeBracketsRules" time="0.005"/>
  <testcase classname="ru.mai.lessons.rpks.impl.BracketsDetectorTest" name="testPositiveCheckSomeBracketsRules" time="0.006"/>
  <testcase classname="ru.mai.lessons.rpks.impl.BracketsDetectorTest" name="testPositiveCheckSomeBracketsRules" time="0.005"/>
  <testcase classname="ru.mai.lessons.rpks.impl.BracketsDetectorTest" name="testPositiveCheckMagicBracketsRules" time="0.011"/>
  <testcase classname="ru.mai.lessons.rpks.impl.BracketsDetectorTest" name="testPositiveCheckAllBracketsRules" time="0.003"/>
  <testcase classname="ru.mai.lessons.rpks.impl.BracketsDetectorTest" name="testNegativeCheckAllBracketsRules" time="0.080"/>
  <testcase classname="ru.mai.lessons.rpks.impl.BracketsDetectorTest" name="testPositiveCheckSomeBracketsRules" time="0.005"/>
  <testcase classname="ru.mai.lessons.rpks.impl.BracketsDetectorTest" name="testNegativeCheckMagicBracketsRules" time="0.001"/>
</testsuite> <!-- ru.mai.lessons.rpks.impl.BracketsDetectorTest -->
