<?xml version="1.0" encoding="UTF-8"?>
<!-- Generated by org.testng.reporters.JUnitReportReporter -->
<testsuite hostname="DESKTOP-2HJ2AOH" failures="0" tests="3" name="ru.mai.lessons.rpks.impl.ConfigReaderTest" time="0.015" errors="0" timestamp="2024-11-20T19:03:55 MSK" skipped="0">
  <testcase classname="ru.mai.lessons.rpks.impl.ConfigReaderTest" name="testNegativeLoadConfig" time="0.004"/>
  <testcase classname="ru.mai.lessons.rpks.impl.ConfigReaderTest" name="testPositiveLoadConfig" time="0.007"/>
  <testcase classname="ru.mai.lessons.rpks.impl.ConfigReaderTest" name="testNegativeLoadConfig" time="0.004"/>
</testsuite> <!-- ru.mai.lessons.rpks.impl.ConfigReaderTest -->
