<?xml version="1.0" encoding="UTF-8"?>
<!-- Generated by org.testng.reporters.JUnitReportReporter -->
<testsuite hostname="DESKTOP-2HJ2AOH" failures="0" tests="4" name="ru.mai.lessons.rpks.impl.FileReaderTest" time="0.015" errors="0" timestamp="2024-11-20T19:03:55 MSK" skipped="0">
  <testcase classname="ru.mai.lessons.rpks.impl.FileReaderTest" name="testPositiveLoadContent" time="0.005"/>
  <testcase classname="ru.mai.lessons.rpks.impl.FileReaderTest" name="testNegativeLoadConfig" time="0.003"/>
  <testcase classname="ru.mai.lessons.rpks.impl.FileReaderTest" name="testPositiveLoadContent" time="0.004"/>
  <testcase classname="ru.mai.lessons.rpks.impl.FileReaderTest" name="testNegativeLoadConfig" time="0.003"/>
</testsuite> <!-- ru.mai.lessons.rpks.impl.FileReaderTest -->
