<?xml version="1.0" encoding="UTF-8"?>
<testsuite xmlns:xsi="http://www.w3.org/2001/XMLSchema-instance" xsi:noNamespaceSchemaLocation="https://maven.apache.org/surefire/maven-surefire-plugin/xsd/surefire-test-report-3.0.xsd" version="3.0" name="ru.mai.lessons.rpks.impl.LineFinderTest" time="0.747" tests="9" errors="0" skipped="0" failures="0">
  <properties>
    <property name="java.specification.version" value="21"/>
    <property name="sun.cpu.isalist" value="amd64"/>
    <property name="sun.jnu.encoding" value="Cp1251"/>
    <property name="java.class.path" value="C:\Users\fedor\IdeaProjects\labs_3_1_course\JavaLineFinder\target\test-classes;C:\Users\fedor\IdeaProjects\labs_3_1_course\JavaLineFinder\target\classes;C:\Users\fedor\.m2\repository\ch\qos\logback\logback-classic\1.4.11\logback-classic-1.4.11.jar;C:\Users\fedor\.m2\repository\ch\qos\logback\logback-core\1.4.11\logback-core-1.4.11.jar;C:\Users\fedor\.m2\repository\org\slf4j\slf4j-api\2.0.7\slf4j-api-2.0.7.jar;C:\Users\fedor\.m2\repository\org\projectlombok\lombok\1.18.30\lombok-1.18.30.jar;C:\Users\fedor\.m2\repository\org\testng\testng\7.8.0\testng-7.8.0.jar;C:\Users\fedor\.m2\repository\com\beust\jcommander\1.82\jcommander-1.82.jar;C:\Users\fedor\.m2\repository\org\webjars\jquery\3.6.1\jquery-3.6.1.jar;C:\Users\fedor\.m2\repository\commons-io\commons-io\2.16.1\commons-io-2.16.1.jar;"/>
    <property name="java.vm.vendor" value="Oracle Corporation"/>
    <property name="sun.arch.data.model" value="64"/>
    <property name="user.variant" value=""/>
    <property name="java.vendor.url" value="https://java.oracle.com/"/>
    <property name="user.timezone" value="Europe/Moscow"/>
    <property name="os.name" value="Windows 10"/>
    <property name="java.vm.specification.version" value="21"/>
    <property name="sun.java.launcher" value="SUN_STANDARD"/>
    <property name="user.country" value="RU"/>
    <property name="sun.boot.library.path" value="C:\Program Files\Java\jdk-21\bin"/>
    <property name="sun.java.command" value="C:\Users\fedor\AppData\Local\Temp\surefire6026656630914740335\surefirebooter-20241123023517826_3.jar C:\Users\fedor\AppData\Local\Temp\surefire6026656630914740335 2024-11-23T02-35-17_690-jvmRun1 surefire-20241123023517826_1tmp surefire_0-20241123023517826_2tmp"/>
    <property name="jdk.debug" value="release"/>
    <property name="surefire.test.class.path" value="C:\Users\fedor\IdeaProjects\labs_3_1_course\JavaLineFinder\target\test-classes;C:\Users\fedor\IdeaProjects\labs_3_1_course\JavaLineFinder\target\classes;C:\Users\fedor\.m2\repository\ch\qos\logback\logback-classic\1.4.11\logback-classic-1.4.11.jar;C:\Users\fedor\.m2\repository\ch\qos\logback\logback-core\1.4.11\logback-core-1.4.11.jar;C:\Users\fedor\.m2\repository\org\slf4j\slf4j-api\2.0.7\slf4j-api-2.0.7.jar;C:\Users\fedor\.m2\repository\org\projectlombok\lombok\1.18.30\lombok-1.18.30.jar;C:\Users\fedor\.m2\repository\org\testng\testng\7.8.0\testng-7.8.0.jar;C:\Users\fedor\.m2\repository\com\beust\jcommander\1.82\jcommander-1.82.jar;C:\Users\fedor\.m2\repository\org\webjars\jquery\3.6.1\jquery-3.6.1.jar;C:\Users\fedor\.m2\repository\commons-io\commons-io\2.16.1\commons-io-2.16.1.jar;"/>
    <property name="sun.cpu.endian" value="little"/>
    <property name="user.home" value="C:\Users\fedor"/>
    <property name="user.language" value="ru"/>
    <property name="java.specification.vendor" value="Oracle Corporation"/>
    <property name="java.version.date" value="2024-10-15"/>
    <property name="java.home" value="C:\Program Files\Java\jdk-21"/>
    <property name="file.separator" value="\"/>
    <property name="basedir" value="C:\Users\fedor\IdeaProjects\labs_3_1_course\JavaLineFinder"/>
    <property name="java.vm.compressedOopsMode" value="Zero based"/>
    <property name="line.separator" value="&#10;"/>
    <property name="java.vm.specification.vendor" value="Oracle Corporation"/>
    <property name="java.specification.name" value="Java Platform API Specification"/>
    <property name="surefire.real.class.path" value="C:\Users\fedor\AppData\Local\Temp\surefire6026656630914740335\surefirebooter-20241123023517826_3.jar"/>
    <property name="user.script" value=""/>
    <property name="sun.management.compiler" value="HotSpot 64-Bit Tiered Compilers"/>
    <property name="java.runtime.version" value="21.0.5+9-LTS-239"/>
    <property name="user.name" value="fedor"/>
    <property name="stdout.encoding" value="Cp1251"/>
    <property name="path.separator" value=";"/>
    <property name="os.version" value="10.0"/>
    <property name="java.runtime.name" value="Java(TM) SE Runtime Environment"/>
    <property name="file.encoding" value="UTF-8"/>
    <property name="java.vm.name" value="Java HotSpot(TM) 64-Bit Server VM"/>
    <property name="localRepository" value="C:\Users\fedor\.m2\repository"/>
    <property name="java.vendor.url.bug" value="https://bugreport.java.com/bugreport/"/>
    <property name="java.io.tmpdir" value="C:\Users\fedor\AppData\Local\Temp\"/>
    <property name="java.version" value="21.0.5"/>
    <property name="user.dir" value="C:\Users\fedor\IdeaProjects\labs_3_1_course\JavaLineFinder"/>
    <property name="os.arch" value="amd64"/>
    <property name="java.vm.specification.name" value="Java Virtual Machine Specification"/>
    <property name="sun.os.patch.level" value=""/>
    <property name="native.encoding" value="Cp1251"/>
    <property name="java.library.path" value="C:\Program Files\Java\jdk-21\bin;C:\Windows\Sun\Java\bin;C:\Windows\system32;C:\Windows;C:\Windows\system32;C:\Windows;C:\Windows\System32\Wbem;C:\Windows\System32\WindowsPowerShell\v1.0\;C:\Windows\System32\OpenSSH\;C:\Program Files\Git\cmd;C:\Program Files\TortoiseGit\bin;C:\Program Files (x86)\Windows Kits\10\Windows Performance Toolkit\;C:\Program Files\Go\bin;C:\Program Files\Docker\Docker\resources\bin;C:\Program Files\Qt6.7.0\Qt\6.7.0\mingw_64\bin;C:\Program Files\Apache\Maven\apache-maven-3.9.9\bin;C:\Program Files\Java\jdk-21\bin;C:\Users\fedor\AppData\Local\Microsoft\WindowsApps;;C:\Users\fedor\AppData\Local\Programs\Microsoft VS Code\bin;C:\Program Files\JetBrains\GoLand 2024.1.4\bin;;C:\Users\fedor\go\bin;C:\Program Files\JetBrains\IntelliJ IDEA 2024.2.3\bin;;."/>
    <property name="java.vm.info" value="mixed mode, sharing"/>
    <property name="stderr.encoding" value="Cp1251"/>
    <property name="java.vendor" value="Oracle Corporation"/>
    <property name="java.vm.version" value="21.0.5+9-LTS-239"/>
    <property name="sun.io.unicode.encoding" value="UnicodeLittle"/>
    <property name="java.class.version" value="65.0"/>
  </properties>
  <testcase name="testNegativeLineCountValue" classname="ru.mai.lessons.rpks.impl.LineFinderTest" time="0.004"/>
  <testcase name="testPositiveFind" classname="ru.mai.lessons.rpks.impl.LineFinderTest" time="0.032">
    <system-out><![CDATA[Elapsed time: 5ms, progress: 9,7%
Elapsed time: 5ms, progress: 18,7%
Elapsed time: 7ms, progress: 100,0%
Elapsed time: 6ms, progress: 92,9%
Elapsed time: 6ms, progress: 83,8%
Elapsed time: 6ms, progress: 74,6%
Elapsed time: 6ms, progress: 65,6%
Elapsed time: 6ms, progress: 56,0%
Elapsed time: 6ms, progress: 47,0%
Elapsed time: 6ms, progress: 37,7%
Elapsed time: 6ms, progress: 28,4%
02:35:18.585 [main] INFO ru.mai.lessons.rpks.impl.LineFinderTest -- Поиск отработал за 13 ms.
]]></system-out>
  </testcase>
  <testcase name="testPositiveFindMiddleMultipleLines" classname="ru.mai.lessons.rpks.impl.LineFinderTest" time="0.026">
    <system-out><![CDATA[Elapsed time: 4ms, progress: 9,0%
Elapsed time: 4ms, progress: 18,7%
Elapsed time: 6ms, progress: 27,8%
Elapsed time: 7ms, progress: 37,1%
Elapsed time: 8ms, progress: 55,8%
Elapsed time: 8ms, progress: 64,9%
Elapsed time: 8ms, progress: 83,2%
Elapsed time: 8ms, progress: 74,2%
Elapsed time: 7ms, progress: 46,2%
Elapsed time: 9ms, progress: 100,0%
Elapsed time: 8ms, progress: 90,3%
02:35:18.617 [main] INFO ru.mai.lessons.rpks.impl.LineFinderTest -- Поиск отработал за 11 ms.
]]></system-out>
  </testcase>
  <testcase name="testPositiveFindMultipleLinesAtTheEnd" classname="ru.mai.lessons.rpks.impl.LineFinderTest" time="0.016">
    <system-out><![CDATA[Elapsed time: 2ms, progress: 9,7%
Elapsed time: 3ms, progress: 18,7%
Elapsed time: 3ms, progress: 28,3%
Elapsed time: 4ms, progress: 35,4%
Elapsed time: 4ms, progress: 44,7%
Elapsed time: 5ms, progress: 54,4%
Elapsed time: 5ms, progress: 63,4%
Elapsed time: 6ms, progress: 72,7%
Elapsed time: 7ms, progress: 81,8%
Elapsed time: 7ms, progress: 100,0%
Elapsed time: 7ms, progress: 90,8%
02:35:18.633 [main] INFO ru.mai.lessons.rpks.impl.LineFinderTest -- Поиск отработал за 9 ms.
]]></system-out>
  </testcase>
  <testcase name="testPositiveFindStartMultipleLines[1, expectedBoastOutputFile1.txt](1)" classname="ru.mai.lessons.rpks.impl.LineFinderTest" time="0.02">
    <system-out><![CDATA[Elapsed time: 1ms, progress: 9,7%
Elapsed time: 3ms, progress: 18,7%
Elapsed time: 3ms, progress: 27,7%
Elapsed time: 3ms, progress: 36,8%
Elapsed time: 4ms, progress: 45,9%
Elapsed time: 4ms, progress: 55,3%
Elapsed time: 4ms, progress: 64,6%
Elapsed time: 4ms, progress: 74,1%
Elapsed time: 5ms, progress: 90,3%
Elapsed time: 4ms, progress: 83,2%
Elapsed time: 5ms, progress: 100,0%
02:35:18.655 [main] INFO ru.mai.lessons.rpks.impl.LineFinderTest -- Поиск отработал за 6 ms.
]]></system-out>
  </testcase>
  <testcase name="testPositiveFindStartMultipleLines[2, expectedBoastOutputFile2.txt](2)" classname="ru.mai.lessons.rpks.impl.LineFinderTest" time="0.018">
    <system-out><![CDATA[Elapsed time: 1ms, progress: 9,7%
Elapsed time: 2ms, progress: 18,7%
Elapsed time: 3ms, progress: 36,9%
Elapsed time: 2ms, progress: 27,8%
Elapsed time: 3ms, progress: 46,2%
Elapsed time: 4ms, progress: 55,8%
Elapsed time: 4ms, progress: 64,8%
Elapsed time: 5ms, progress: 74,2%
Elapsed time: 5ms, progress: 83,9%
Elapsed time: 5ms, progress: 92,9%
Elapsed time: 6ms, progress: 100,0%
02:35:18.666 [main] INFO ru.mai.lessons.rpks.impl.LineFinderTest -- Поиск отработал за 8 ms.
]]></system-out>
  </testcase>
  <testcase name="testPositiveFindStartMultipleLines[3, expectedBoastOutputFile3.txt](3)" classname="ru.mai.lessons.rpks.impl.LineFinderTest" time="0.01">
    <system-out><![CDATA[Elapsed time: 1ms, progress: 9,7%
Elapsed time: 6ms, progress: 16,8%
Elapsed time: 9ms, progress: 25,8%
Elapsed time: 9ms, progress: 34,9%
Elapsed time: 11ms, progress: 44,1%
Elapsed time: 11ms, progress: 53,6%
Elapsed time: 12ms, progress: 62,9%
Elapsed time: 12ms, progress: 71,9%
Elapsed time: 12ms, progress: 81,6%
Elapsed time: 12ms, progress: 90,9%
Elapsed time: 14ms, progress: 100,0%
02:35:18.687 [main] INFO ru.mai.lessons.rpks.impl.LineFinderTest -- Поиск отработал за 17 ms.
]]></system-out>
  </testcase>
  <testcase name="testPositiveWordNotFound[кошка](1)" classname="ru.mai.lessons.rpks.impl.LineFinderTest" time="0.011">
    <system-out><![CDATA[Elapsed time: 1ms, progress: 9,7%
Elapsed time: 3ms, progress: 18,7%
Elapsed time: 3ms, progress: 28,3%
Elapsed time: 4ms, progress: 37,6%
Elapsed time: 5ms, progress: 46,6%
Elapsed time: 5ms, progress: 55,8%
Elapsed time: 5ms, progress: 64,8%
Elapsed time: 5ms, progress: 74,5%
Elapsed time: 6ms, progress: 83,5%
Elapsed time: 6ms, progress: 90,7%
Elapsed time: 6ms, progress: 100,0%
02:35:18.704 [main] INFO ru.mai.lessons.rpks.impl.LineFinderTest -- Поиск отработал за 8 ms.
]]></system-out>
  </testcase>
  <testcase name="testPositiveWordNotFound[](2)" classname="ru.mai.lessons.rpks.impl.LineFinderTest" time="0.001">
    <system-out><![CDATA[02:35:18.706 [main] INFO ru.mai.lessons.rpks.impl.LineFinderTest -- Поиск отработал за 0 ms.
]]></system-out>
  </testcase>
</testsuite>