<?xml version="1.0" encoding="UTF-8"?>
<!-- Generated by org.testng.reporters.JUnitReportReporter -->
<testsuite hostname="DESKTOP-2HJ2AOH" failures="0" tests="9" name="ru.mai.lessons.rpks.impl.LineFinderTest" time="0.116" errors="0" timestamp="2024-11-23T02:35:18 MSK" skipped="0">
  <testcase classname="ru.mai.lessons.rpks.impl.LineFinderTest" name="testPositiveFindMultipleLinesAtTheEnd" time="0.012"/>
  <testcase classname="ru.mai.lessons.rpks.impl.LineFinderTest" name="testPositiveFindMiddleMultipleLines" time="0.015"/>
  <testcase classname="ru.mai.lessons.rpks.impl.LineFinderTest" name="testNegativeLineCountValue" time="0.003"/>
  <testcase classname="ru.mai.lessons.rpks.impl.LineFinderTest" name="testPositiveFind" time="0.033"/>
  <testcase classname="ru.mai.lessons.rpks.impl.LineFinderTest" name="testPositiveWordNotFound" time="0.001"/>
  <testcase classname="ru.mai.lessons.rpks.impl.LineFinderTest" name="testPositiveFindStartMultipleLines" time="0.012"/>
  <testcase classname="ru.mai.lessons.rpks.impl.LineFinderTest" name="testPositiveFindStartMultipleLines" time="0.019"/>
  <testcase classname="ru.mai.lessons.rpks.impl.LineFinderTest" name="testPositiveFindStartMultipleLines" time="0.010"/>
  <testcase classname="ru.mai.lessons.rpks.impl.LineFinderTest" name="testPositiveWordNotFound" time="0.011"/>
</testsuite> <!-- ru.mai.lessons.rpks.impl.LineFinderTest -->
