<?xml version="1.0" encoding="UTF-8"?>
<testsuite xmlns:xsi="http://www.w3.org/2001/XMLSchema-instance" xsi:noNamespaceSchemaLocation="https://maven.apache.org/surefire/maven-surefire-plugin/xsd/surefire-test-report-3.0.xsd" version="3.0" name="ru.mai.lessons.rpks.impl.MoneyExchangeTest" time="1.293" tests="13" errors="0" skipped="0" failures="0">
  <properties>
    <property name="java.specification.version" value="21"/>
    <property name="sun.cpu.isalist" value="amd64"/>
    <property name="sun.jnu.encoding" value="Cp1251"/>
    <property name="java.class.path" value="C:\Users\fedor\IdeaProjects\labs_3_1_course\JavaMoneyExchange\target\test-classes;C:\Users\fedor\IdeaProjects\labs_3_1_course\JavaMoneyExchange\target\classes;C:\Users\fedor\.m2\repository\ch\qos\logback\logback-classic\1.4.11\logback-classic-1.4.11.jar;C:\Users\fedor\.m2\repository\ch\qos\logback\logback-core\1.4.11\logback-core-1.4.11.jar;C:\Users\fedor\.m2\repository\org\slf4j\slf4j-api\2.0.7\slf4j-api-2.0.7.jar;C:\Users\fedor\.m2\repository\org\projectlombok\lombok\1.18.30\lombok-1.18.30.jar;C:\Users\fedor\.m2\repository\org\testng\testng\7.8.0\testng-7.8.0.jar;C:\Users\fedor\.m2\repository\com\beust\jcommander\1.82\jcommander-1.82.jar;C:\Users\fedor\.m2\repository\org\webjars\jquery\3.6.1\jquery-3.6.1.jar;"/>
    <property name="java.vm.vendor" value="Oracle Corporation"/>
    <property name="sun.arch.data.model" value="64"/>
    <property name="user.variant" value=""/>
    <property name="java.vendor.url" value="https://java.oracle.com/"/>
    <property name="user.timezone" value="Europe/Moscow"/>
    <property name="os.name" value="Windows 10"/>
    <property name="java.vm.specification.version" value="21"/>
    <property name="sun.java.launcher" value="SUN_STANDARD"/>
    <property name="user.country" value="RU"/>
    <property name="sun.boot.library.path" value="C:\Program Files\Java\jdk-21\bin"/>
    <property name="sun.java.command" value="C:\Users\fedor\AppData\Local\Temp\surefire14545494580239586329\surefirebooter-20241124171743634_3.jar C:\Users\fedor\AppData\Local\Temp\surefire14545494580239586329 2024-11-24T17-17-43_350-jvmRun1 surefire-20241124171743634_1tmp surefire_0-20241124171743634_2tmp"/>
    <property name="jdk.debug" value="release"/>
    <property name="surefire.test.class.path" value="C:\Users\fedor\IdeaProjects\labs_3_1_course\JavaMoneyExchange\target\test-classes;C:\Users\fedor\IdeaProjects\labs_3_1_course\JavaMoneyExchange\target\classes;C:\Users\fedor\.m2\repository\ch\qos\logback\logback-classic\1.4.11\logback-classic-1.4.11.jar;C:\Users\fedor\.m2\repository\ch\qos\logback\logback-core\1.4.11\logback-core-1.4.11.jar;C:\Users\fedor\.m2\repository\org\slf4j\slf4j-api\2.0.7\slf4j-api-2.0.7.jar;C:\Users\fedor\.m2\repository\org\projectlombok\lombok\1.18.30\lombok-1.18.30.jar;C:\Users\fedor\.m2\repository\org\testng\testng\7.8.0\testng-7.8.0.jar;C:\Users\fedor\.m2\repository\com\beust\jcommander\1.82\jcommander-1.82.jar;C:\Users\fedor\.m2\repository\org\webjars\jquery\3.6.1\jquery-3.6.1.jar;"/>
    <property name="sun.cpu.endian" value="little"/>
    <property name="user.home" value="C:\Users\fedor"/>
    <property name="user.language" value="ru"/>
    <property name="java.specification.vendor" value="Oracle Corporation"/>
    <property name="java.version.date" value="2024-10-15"/>
    <property name="java.home" value="C:\Program Files\Java\jdk-21"/>
    <property name="file.separator" value="\"/>
    <property name="basedir" value="C:\Users\fedor\IdeaProjects\labs_3_1_course\JavaMoneyExchange"/>
    <property name="java.vm.compressedOopsMode" value="Zero based"/>
    <property name="line.separator" value="&#10;"/>
    <property name="java.vm.specification.vendor" value="Oracle Corporation"/>
    <property name="java.specification.name" value="Java Platform API Specification"/>
    <property name="surefire.real.class.path" value="C:\Users\fedor\AppData\Local\Temp\surefire14545494580239586329\surefirebooter-20241124171743634_3.jar"/>
    <property name="user.script" value=""/>
    <property name="sun.management.compiler" value="HotSpot 64-Bit Tiered Compilers"/>
    <property name="java.runtime.version" value="21.0.5+9-LTS-239"/>
    <property name="user.name" value="fedor"/>
    <property name="stdout.encoding" value="Cp1251"/>
    <property name="path.separator" value=";"/>
    <property name="os.version" value="10.0"/>
    <property name="java.runtime.name" value="Java(TM) SE Runtime Environment"/>
    <property name="file.encoding" value="UTF-8"/>
    <property name="java.vm.name" value="Java HotSpot(TM) 64-Bit Server VM"/>
    <property name="localRepository" value="C:\Users\fedor\.m2\repository"/>
    <property name="java.vendor.url.bug" value="https://bugreport.java.com/bugreport/"/>
    <property name="java.io.tmpdir" value="C:\Users\fedor\AppData\Local\Temp\"/>
    <property name="java.version" value="21.0.5"/>
    <property name="user.dir" value="C:\Users\fedor\IdeaProjects\labs_3_1_course\JavaMoneyExchange"/>
    <property name="os.arch" value="amd64"/>
    <property name="java.vm.specification.name" value="Java Virtual Machine Specification"/>
    <property name="sun.os.patch.level" value=""/>
    <property name="native.encoding" value="Cp1251"/>
    <property name="java.library.path" value="C:\Program Files\Java\jdk-21\bin;C:\Windows\Sun\Java\bin;C:\Windows\system32;C:\Windows;C:\Windows\system32;C:\Windows;C:\Windows\System32\Wbem;C:\Windows\System32\WindowsPowerShell\v1.0\;C:\Windows\System32\OpenSSH\;C:\Program Files\Git\cmd;C:\Program Files\TortoiseGit\bin;C:\Program Files (x86)\Windows Kits\10\Windows Performance Toolkit\;C:\Program Files\Go\bin;C:\Program Files\Docker\Docker\resources\bin;C:\Program Files\Qt6.7.0\Qt\6.7.0\mingw_64\bin;C:\Program Files\Apache\Maven\apache-maven-3.9.9\bin;C:\Program Files\Java\jdk-21\bin;C:\Users\fedor\AppData\Local\Microsoft\WindowsApps;;C:\Users\fedor\AppData\Local\Programs\Microsoft VS Code\bin;C:\Program Files\JetBrains\GoLand 2024.1.4\bin;;C:\Users\fedor\go\bin;C:\Program Files\JetBrains\IntelliJ IDEA 2024.2.3\bin;;."/>
    <property name="java.vm.info" value="mixed mode, sharing"/>
    <property name="stderr.encoding" value="Cp1251"/>
    <property name="java.vendor" value="Oracle Corporation"/>
    <property name="java.vm.version" value="21.0.5+9-LTS-239"/>
    <property name="sun.io.unicode.encoding" value="UnicodeLittle"/>
    <property name="java.class.version" value="65.0"/>
  </properties>
  <testcase name="testNegativeExchange[10, ](1)" classname="ru.mai.lessons.rpks.impl.MoneyExchangeTest" time="0.018"/>
  <testcase name="testNegativeExchange[10, 11](2)" classname="ru.mai.lessons.rpks.impl.MoneyExchangeTest" time="0.021"/>
  <testcase name="testNegativeExchange[10, -1](3)" classname="ru.mai.lessons.rpks.impl.MoneyExchangeTest" time="0.021"/>
  <testcase name="testNegativeExchange[10, 0](4)" classname="ru.mai.lessons.rpks.impl.MoneyExchangeTest" time="0.024"/>
  <testcase name="testPositiveExchange[10, 7, 2, 1, 7[1], 2[1], 1[1]](2)" classname="ru.mai.lessons.rpks.impl.MoneyExchangeTest" time="0.0"/>
  <testcase name="testPositiveExchange[10, 4, 1, 4[2], 1[2]](4)" classname="ru.mai.lessons.rpks.impl.MoneyExchangeTest" time="0.0"/>
  <testcase name="testPositiveExchange[10, 1, 4, 4[2], 1[2]](4)" classname="ru.mai.lessons.rpks.impl.MoneyExchangeTest" time="0.0"/>
  <testcase name="testPositiveExchange[10, -1, 5, 5[2]](5)" classname="ru.mai.lessons.rpks.impl.MoneyExchangeTest" time="0.002"/>
  <testcase name="testPositiveExchange[10, 10, 10[1]](5)" classname="ru.mai.lessons.rpks.impl.MoneyExchangeTest" time="0.003"/>
  <testcase name="testPositiveExchange[10, 0, 1, 5, 5[2]](7)" classname="ru.mai.lessons.rpks.impl.MoneyExchangeTest" time="0.004"/>
  <testcase name="testPositiveExchange[10, 5, 1, 5[2]](7)" classname="ru.mai.lessons.rpks.impl.MoneyExchangeTest" time="0.005"/>
  <testcase name="testPositiveExchange[24, 5, 3, 1, 5[4], 3[1], 1[1]](8)" classname="ru.mai.lessons.rpks.impl.MoneyExchangeTest" time="0.0"/>
  <testcase name="testPositiveExchange[10, 3, 2, 3[2], 2[2]](9)" classname="ru.mai.lessons.rpks.impl.MoneyExchangeTest" time="0.001"/>
</testsuite>