<?xml version="1.0" encoding="UTF-8"?>
<!-- Generated by org.testng.reporters.JUnitReportReporter -->
<testsuite hostname="DESKTOP-2HJ2AOH" failures="0" tests="4" name="ru.mai.lessons.rpks.impl.DirectorySizeCheckerTest" time="0.011" errors="0" timestamp="2024-11-19T23:06:43 MSK" skipped="0">
  <testcase classname="ru.mai.lessons.rpks.impl.DirectorySizeCheckerTest" name="testPositiveCheckSize" time="0.002"/>
  <testcase classname="ru.mai.lessons.rpks.impl.DirectorySizeCheckerTest" name="testPositiveCheckSize" time="0.002"/>
  <testcase classname="ru.mai.lessons.rpks.impl.DirectorySizeCheckerTest" name="testNegativeCheckUnknownDirectory" time="0.004"/>
  <testcase classname="ru.mai.lessons.rpks.impl.DirectorySizeCheckerTest" name="testPositiveCheckEmptyDirectory" time="0.003"/>
</testsuite> <!-- ru.mai.lessons.rpks.impl.DirectorySizeCheckerTest -->
